[0228/102318.786:ERROR:file_io.cc(89)] ReadExactly: expected 36, observed 0
[0228/103622.219:ERROR:file_io.cc(89)] ReadExactly: expected 36, observed 0
[0228/103743.212:ERROR:file_io.cc(89)] ReadExactly: expected 36, observed 0
[0228/104819.221:ERROR:file_io.cc(89)] ReadExactly: expected 36, observed 0
[0228/110301.218:ERROR:file_io.cc(89)] ReadExactly: expected 36, observed 0
[0228/111849.232:ERROR:file_io.cc(89)] ReadExactly: expected 36, observed 0
[0228/143701.708:ERROR:file_io.cc(89)] ReadExactly: expected 36, observed 0
[1016/105454.287:ERROR:directory_reader_win.cc(43)] FindFirstFile: The system cannot find the path specified. (0x3)
<<<<<<< HEAD
[1110/123943.200:ERROR:directory_reader_win.cc(43)] FindFirstFile: The system cannot find the path specified. (0x3)
[1112/121244.963:ERROR:crash_report_database_win.cc(457)] unexpected header
=======
[1119/112352.521:ERROR:directory_reader_win.cc(43)] FindFirstFile: The system cannot find the path specified. (0x3)
>>>>>>> 20ed3bbf71e049334d2055ed73a1cf8602ccfb6e
<<<<<<< HEAD
[1128/103924.304:ERROR:directory_reader_win.cc(43)] FindFirstFile: The system cannot find the path specified. (0x3)
=======
[1128/122322.454:ERROR:directory_reader_win.cc(43)] FindFirstFile: The system cannot find the path specified. (0x3)
<<<<<<< HEAD
[1201/123839.616:ERROR:directory_reader_win.cc(43)] FindFirstFile: The system cannot find the path specified. (0x3)
[1201/171104.283:ERROR:settings.cc(320)] Settings magic is not 1129342067
=======
>>>>>>> 1d18109aab4e828091c1f696113c81034ef7424b
<<<<<<< HEAD
[1207/111155.506:ERROR:directory_reader_win.cc(43)] FindFirstFile: The system cannot find the path specified. (0x3)
=======
>>>>>>> a95d7fb6d19f012b8314148428870d50d06d4ddc
>>>>>>> 2e03e1efe5db0239e93e4b8dcedf36a9f0ec0f5a
